1122
5 1
5 2
6 2
7 2
8 2
9 2
9 3
9 4
10 4
11 4
12 4
13 4
13 5
13 6
8 4
11 3
12 6
7 4
11 2
11 6
12 2
13 2
14 2
11 7
15 2
13 1
14 1
11 1
12 1
10 6
6 4
11 8
16 2
12 8
16 3
13 8
16 4
15 1
9 6
5 4
5 5
5 6
6 6
7 6
11 9
17 4
7 7
5 7
16 1
9 7
4 6
4 4
11 10
9 8
18 4
5 8
12 10
7 8
18 5
13 10
18 6
14 10
17 6
16 6
3 4
3 6
15 10
3 5
15 9
15 8
10 10
19 6
11 11
5 9
18 3
19 4
16 10
16 8
2 6
3 3
18 2
5 10
20 4
9 10
6 10
11 12
20 6
7 10
1 6
3 2
17 8
20 7
18 1
7 11
6 11
1 7
5 11
9 11
4 10
18 8
2 2
20 8
3 1
9 12
3 10
5 12
4 11
7 12
1 8
6 12
2 8
3 8
2 1
1 1
21 8
18 9
1 2
1 3
1 4
4 12
2 10
3 11
18 10
22 8
3 12
2 11
1 10
18 11
19 10
23 8
1 11
1 12
2 12
18 12
24 8
24 7
17 12
16 12
15 12
20 10
14 12
24 6
21 10
19 12
24 9
13 12
24 5
22 10
20 12
24 10
24 4
23 4
22 4
22 5
22 6
21 12
22 3
25 4
22 12
26 4
22 2
26 5
21 2
26 6
20 2
23 12
22 1
27 6
26 3
24 12
28 6
25 12
28 7
28 5
28 8
27 8
26 8
26 12
26 11
26 10
28 4
27 10
26 9
28 3
28 10
28 2
28 1
28 11
28 12
27 1
26 1
25 1
24 1
24 2
